2025-11-27 07:23:05.405 | INFO     | [utils.logger:setup_logger:52] | Logger initialized -> level=INFO, dir=./logs, rotation=200 MB, retention=30 days
2025-11-27 07:23:05.405 | INFO     | [__main__:main:21] | ==== Nexuts Service Starting ====
2025-11-27 07:23:05.406 | INFO     | [nexuts:__init__:19] | Nexuts Config : {'snapshot_dir': '/data/nexuts/snapshot_dir', 'snapshot_interval_seconds': 600, 'WalManager_dir': '/data/nexuts/wal_dir', 'db_path': '/data/info_center.db', 'sentry_heartbeat_cycle': 5, 'resume': 1}
2025-11-27 07:23:05.407 | INFO     | [persistence.snap_manager:load_snapshot:170] | No snapshot found at /data/nexuts/snapshot_dir
2025-11-27 07:23:05.412 | INFO     | [nexuts:_recover_from_db:194] | [Recovery] 恢复了 0 个 sentry 节点
2025-11-27 07:23:36.173 | INFO     | [utils.logger:setup_logger:52] | Logger initialized -> level=INFO, dir=./logs, rotation=200 MB, retention=30 days
2025-11-27 07:23:36.173 | INFO     | [__main__:main:21] | ==== Nexuts Service Starting ====
2025-11-27 07:23:36.174 | INFO     | [nexuts:__init__:19] | Nexuts Config : {'snapshot_dir': '/data/nexuts/snapshot_dir', 'snapshot_interval_seconds': 600, 'WalManager_dir': '/data/nexuts/wal_dir', 'db_path': '/data/info_center.db', 'sentry_heartbeat_cycle': 5, 'resume': 1}
2025-11-27 07:23:36.175 | INFO     | [persistence.snap_manager:load_snapshot:170] | No snapshot found at /data/nexuts/snapshot_dir
2025-11-27 07:23:36.176 | INFO     | [nexuts:_recover_from_db:194] | [Recovery] 恢复了 0 个 sentry 节点
2025-11-27 07:33:36.175 | INFO     | [persistence.snap_manager:take_snapshot:131] | snapshot_trigger_version:0 freeze_finish_version:0
2025-11-27 07:50:34.480 | INFO     | [utils.logger:setup_logger:52] | Logger initialized -> level=INFO, dir=./logs, rotation=200 MB, retention=30 days
2025-11-27 07:50:34.480 | INFO     | [__main__:main:21] | ==== Nexuts Service Starting ====
2025-11-27 07:50:34.481 | INFO     | [nexuts:__init__:19] | Nexuts Config : {'snapshot_dir': '/data/nexuts/snapshot_dir', 'snapshot_interval_seconds': 30, 'WalManager_dir': '/data/nexuts/wal_dir', 'db_path': '/data/info_center.db', 'sentry_heartbeat_cycle': 5, 'resume': 1}
2025-11-27 07:50:34.482 | INFO     | [persistence.snap_manager:load_snapshot:170] | No snapshot found at /data/nexuts/snapshot_dir
2025-11-27 07:50:34.487 | INFO     | [nexuts:_recover_from_db:195] | [Recovery] 恢复了 0 个 sentry 节点
2025-11-27 07:51:04.483 | INFO     | [persistence.snap_manager:take_snapshot:131] | snapshot_trigger_version:0 freeze_finish_version:0
2025-11-27 07:51:34.485 | INFO     | [persistence.snap_manager:take_snapshot:131] | snapshot_trigger_version:0 freeze_finish_version:0
2025-11-27 07:52:04.488 | INFO     | [persistence.snap_manager:take_snapshot:131] | snapshot_trigger_version:0 freeze_finish_version:0
2025-11-27 07:52:34.491 | INFO     | [persistence.snap_manager:take_snapshot:131] | snapshot_trigger_version:0 freeze_finish_version:0
2025-11-27 07:53:04.494 | INFO     | [persistence.snap_manager:take_snapshot:131] | snapshot_trigger_version:0 freeze_finish_version:0
2025-11-27 07:53:34.497 | INFO     | [persistence.snap_manager:take_snapshot:131] | snapshot_trigger_version:0 freeze_finish_version:0
2025-11-27 07:53:52.921 | INFO     | [utils.logger:setup_logger:52] | Logger initialized -> level=INFO, dir=./logs, rotation=200 MB, retention=30 days
2025-11-27 07:53:52.921 | INFO     | [__main__:main:21] | ==== Nexuts Service Starting ====
2025-11-27 07:53:52.923 | INFO     | [nexuts:__init__:19] | Nexuts Config : {'snapshot_dir': '/data/nexuts/snapshot_dir', 'snapshot_interval_seconds': 30, 'WalManager_dir': '/data/nexuts/wal_dir', 'db_path': '/data/info_center.db', 'sentry_heartbeat_cycle': 5, 'resume': 1}
2025-11-27 07:53:52.924 | INFO     | [persistence.snap_manager:load_snapshot:170] | No snapshot found at /data/nexuts/snapshot_dir
2025-11-27 07:53:52.929 | INFO     | [nexuts:_recover_from_db:195] | [Recovery] 恢复了 0 个 sentry 节点
2025-11-27 07:54:22.088 | INFO     | [Sentry_manager.Sentry:_ping:54] | [Heartbeat] http://{self.ip}:{self.port}/v1/health FAILED ❌: Failed to perform, curl: (3) URL rejected: Port number was not a decimal number between 0 and 65535. See https://curl.se/libcurl/c/libcurl-errors.html first for more details.
2025-11-27 07:54:22.924 | INFO     | [persistence.snap_manager:take_snapshot:131] | snapshot_trigger_version:0 freeze_finish_version:0
2025-11-27 08:23:59.964 | INFO     | [utils.logger:setup_logger:52] | Logger initialized -> level=INFO, dir=./logs, rotation=200 MB, retention=30 days
2025-11-27 08:23:59.964 | INFO     | [__main__:main:21] | ==== Nexuts Service Starting ====
2025-11-27 08:23:59.966 | INFO     | [nexuts:__init__:19] | Nexuts Config : {'snapshot_dir': '/data/nexuts/snapshot_dir', 'snapshot_interval_seconds': 30, 'WalManager_dir': '/data/nexuts/wal_dir', 'db_path': '/data/info_center.db', 'sentry_heartbeat_cycle': 5, 'resume': 1}
2025-11-27 08:23:59.967 | INFO     | [persistence.snap_manager:load_snapshot:170] | No snapshot found at /data/nexuts/snapshot_dir
2025-11-27 08:23:59.971 | INFO     | [nexuts:_recover_from_db:195] | [Recovery] 恢复了 0 个 sentry 节点
2025-11-27 08:24:29.967 | INFO     | [persistence.snap_manager:take_snapshot:131] | snapshot_trigger_version:0 freeze_finish_version:0
2025-11-27 08:24:52.331 | INFO     | [Sentry_manager.Sentry:_ping:54] | [Heartbeat] http://{self.ip}:{self.port}/v1/health FAILED ❌: Failed to perform, curl: (3) URL rejected: Port number was not a decimal number between 0 and 65535. See https://curl.se/libcurl/c/libcurl-errors.html first for more details.
2025-11-27 08:24:52.335 | INFO     | [nexuts:register_instance:137] | [Register] sentry=ca2QC32AYDBRn, instance=test_prefill_wzs, type=prefill 注册成功
2025-11-27 08:24:59.970 | INFO     | [persistence.snap_manager:take_snapshot:131] | snapshot_trigger_version:0 freeze_finish_version:0
2025-11-27 08:44:11.494 | INFO     | [utils.logger:setup_logger:52] | Logger initialized -> level=INFO, dir=./logs, rotation=200 MB, retention=30 days
2025-11-27 08:44:11.494 | INFO     | [__main__:main:21] | ==== Nexuts Service Starting ====
2025-11-27 08:44:11.495 | INFO     | [nexuts:__init__:19] | Nexuts Config : {'snapshot_dir': '/data/nexuts/snapshot_dir', 'snapshot_interval_seconds': 30, 'WalManager_dir': '/data/nexuts/wal_dir', 'db_path': '/data/info_center.db', 'sentry_heartbeat_cycle': 5, 'resume': 1}
2025-11-27 08:44:11.496 | INFO     | [persistence.snap_manager:load_snapshot:170] | No snapshot found at /data/nexuts/snapshot_dir
2025-11-27 08:44:11.502 | INFO     | [nexuts:_recover_from_db:195] | [Recovery] 恢复了 0 个 sentry 节点
2025-11-27 08:44:38.265 | INFO     | [nexuts:register_instance:137] | [Register] sentry=tTFlxkzaVwEKe, instance=test_prefill_wzs, type=prefill 注册成功
2025-11-27 08:44:38.268 | INFO     | [Sentry_manager.Sentry:_ping:47] | [Heartbeat] http://172.16.16.63:9992/v1/health returned non-ok: {'status': 'ok', 'timestamp': 1764233078.2677922}
2025-11-27 08:44:41.497 | INFO     | [persistence.snap_manager:take_snapshot:131] | snapshot_trigger_version:0 freeze_finish_version:0
2025-11-27 08:44:43.275 | INFO     | [Sentry_manager.Sentry:_ping:47] | [Heartbeat] http://172.16.16.63:9992/v1/health returned non-ok: {'status': 'ok', 'timestamp': 1764233083.2747185}
2025-11-27 08:44:48.277 | INFO     | [Sentry_manager.Sentry:_ping:47] | [Heartbeat] http://172.16.16.63:9992/v1/health returned non-ok: {'status': 'ok', 'timestamp': 1764233088.2770383}
2025-11-27 08:44:53.283 | INFO     | [Sentry_manager.Sentry:_ping:54] | [Heartbeat] http://172.16.16.63:9992/v1/health FAILED ❌: Failed to perform, curl: (7) Failed to connect to 172.16.16.63 port 9992 after 0 ms: Could not connect to server. See https://curl.se/libcurl/c/libcurl-errors.html first for more details.
2025-11-27 08:49:27.587 | INFO     | [utils.logger:setup_logger:52] | Logger initialized -> level=INFO, dir=./logs, rotation=200 MB, retention=30 days
2025-11-27 08:49:27.588 | INFO     | [__main__:main:21] | ==== Nexuts Service Starting ====
2025-11-27 08:49:27.589 | INFO     | [nexuts:__init__:19] | Nexuts Config : {'snapshot_dir': '/data/nexuts/snapshot_dir', 'snapshot_interval_seconds': 30, 'WalManager_dir': '/data/nexuts/wal_dir', 'db_path': '/data/info_center.db', 'sentry_heartbeat_cycle': 5, 'resume': 1}
2025-11-27 08:49:27.590 | INFO     | [persistence.snap_manager:load_snapshot:170] | No snapshot found at /data/nexuts/snapshot_dir
2025-11-27 08:49:27.595 | INFO     | [nexuts:_recover_from_db:195] | [Recovery] 恢复了 0 个 sentry 节点
2025-11-27 08:49:49.735 | INFO     | [nexuts:register_instance:137] | [Register] sentry=N0Ugp1eDJth95, instance=test_prefill_wzs, type=prefill 注册成功
2025-11-27 08:49:49.738 | INFO     | [Sentry_manager.Sentry:_ping:47] | [Heartbeat] http://172.16.16.63:9992/v1/health returned non-ok: {'status': 'ok', 'timestamp': 1764233389.737607}
2025-11-27 08:58:09.352 | INFO     | [utils.logger:setup_logger:52] | Logger initialized -> level=INFO, dir=./logs, rotation=200 MB, retention=30 days
2025-11-27 08:58:09.352 | INFO     | [__main__:main:21] | ==== Nexuts Service Starting ====
2025-11-27 08:58:09.353 | INFO     | [nexuts:__init__:19] | Nexuts Config : {'snapshot_dir': '/data/nexuts/snapshot_dir', 'snapshot_interval_seconds': 30, 'WalManager_dir': '/data/nexuts/wal_dir', 'db_path': '/data/info_center.db', 'sentry_heartbeat_cycle': 5, 'resume': 1}
2025-11-27 08:58:09.354 | INFO     | [persistence.snap_manager:load_snapshot:170] | No snapshot found at /data/nexuts/snapshot_dir
2025-11-27 08:58:09.359 | INFO     | [nexuts:_recover_from_db:195] | [Recovery] 恢复了 0 个 sentry 节点
2025-11-27 08:58:39.355 | INFO     | [persistence.snap_manager:take_snapshot:131] | snapshot_trigger_version:0 freeze_finish_version:0
2025-11-27 08:59:09.357 | INFO     | [persistence.snap_manager:take_snapshot:131] | snapshot_trigger_version:0 freeze_finish_version:0
2025-11-27 08:59:39.360 | INFO     | [persistence.snap_manager:take_snapshot:131] | snapshot_trigger_version:0 freeze_finish_version:0
2025-11-27 09:00:09.363 | INFO     | [persistence.snap_manager:take_snapshot:131] | snapshot_trigger_version:0 freeze_finish_version:0
2025-11-27 09:00:39.366 | INFO     | [persistence.snap_manager:take_snapshot:131] | snapshot_trigger_version:0 freeze_finish_version:0
2025-11-27 09:00:58.131 | INFO     | [nexuts:register_instance:137] | [Register] sentry=0cP7g5irpXS4k, instance=test_prefill_wzs, type=prefill 注册成功
2025-11-27 09:00:58.135 | INFO     | [Sentry_manager.Sentry:_ping:47] | [Heartbeat] http://172.16.16.63:9992/v1/health returned non-ok: {'status': 'ok', 'timestamp': 1764234058.1347394}
2025-11-27 09:01:03.137 | INFO     | [Sentry_manager.Sentry:_ping:54] | [Heartbeat] http://172.16.16.63:9992/v1/health FAILED ❌: Failed to perform, curl: (7) Failed to connect to 172.16.16.63 port 9992 after 0 ms: Could not connect to server. See https://curl.se/libcurl/c/libcurl-errors.html first for more details.
2025-11-27 09:06:56.530 | INFO     | [utils.logger:setup_logger:52] | Logger initialized -> level=INFO, dir=./logs, rotation=200 MB, retention=30 days
2025-11-27 09:06:56.531 | INFO     | [__main__:main:21] | ==== Nexuts Service Starting ====
2025-11-27 09:06:56.532 | INFO     | [nexuts:__init__:19] | Nexuts Config : {'snapshot_dir': '/data/nexuts/snapshot_dir', 'snapshot_interval_seconds': 30, 'WalManager_dir': '/data/nexuts/wal_dir', 'db_path': '/data/info_center.db', 'sentry_heartbeat_cycle': 5, 'resume': 1}
2025-11-27 09:15:24.409 | INFO     | [utils.logger:setup_logger:52] | Logger initialized -> level=INFO, dir=./logs, rotation=200 MB, retention=30 days
2025-11-27 09:15:24.409 | INFO     | [__main__:main:21] | ==== Nexuts Service Starting ====
2025-11-27 09:15:24.410 | INFO     | [nexuts:__init__:19] | Nexuts Config : {'snapshot_dir': '/data/nexuts/snapshot_dir', 'snapshot_interval_seconds': 30, 'WalManager_dir': '/data/nexuts/wal_dir', 'db_path': '/data/info_center.db', 'sentry_heartbeat_cycle': 5, 'resume': 1}
2025-11-27 09:15:24.412 | INFO     | [nexuts:_recover_from_db:195] | [Recovery] 恢复了 1 个 sentry 节点
2025-11-27 09:15:24.417 | INFO     | [Sentry_manager.Sentry:_ping:54] | [Heartbeat] http://172.16.16.63:9992/v1/health FAILED ❌: Failed to perform, curl: (7) Failed to connect to 172.16.16.63 port 9992 after 0 ms: Could not connect to server. See https://curl.se/libcurl/c/libcurl-errors.html first for more details.
2025-11-27 09:15:54.411 | INFO     | [persistence.snap_manager:take_snapshot:131] | snapshot_trigger_version:0 freeze_finish_version:0
2025-11-27 09:16:24.414 | INFO     | [persistence.snap_manager:take_snapshot:131] | snapshot_trigger_version:0 freeze_finish_version:0
2025-11-27 09:16:54.417 | INFO     | [persistence.snap_manager:take_snapshot:131] | snapshot_trigger_version:0 freeze_finish_version:0
2025-11-27 09:17:24.424 | INFO     | [persistence.snap_manager:take_snapshot:131] | snapshot_trigger_version:0 freeze_finish_version:0
2025-11-27 09:17:54.427 | INFO     | [persistence.snap_manager:take_snapshot:131] | snapshot_trigger_version:0 freeze_finish_version:0
2025-11-27 09:18:24.430 | INFO     | [persistence.snap_manager:take_snapshot:131] | snapshot_trigger_version:0 freeze_finish_version:0
2025-11-27 09:18:54.432 | INFO     | [persistence.snap_manager:take_snapshot:131] | snapshot_trigger_version:0 freeze_finish_version:0
2025-11-27 09:19:24.436 | INFO     | [persistence.snap_manager:take_snapshot:131] | snapshot_trigger_version:0 freeze_finish_version:0
2025-11-27 09:19:54.439 | INFO     | [persistence.snap_manager:take_snapshot:131] | snapshot_trigger_version:0 freeze_finish_version:0
2025-11-27 09:20:24.442 | INFO     | [persistence.snap_manager:take_snapshot:131] | snapshot_trigger_version:0 freeze_finish_version:0
2025-11-27 09:20:54.445 | INFO     | [persistence.snap_manager:take_snapshot:131] | snapshot_trigger_version:0 freeze_finish_version:0
2025-11-27 09:21:24.455 | INFO     | [persistence.snap_manager:take_snapshot:131] | snapshot_trigger_version:0 freeze_finish_version:0
2025-11-27 09:21:54.458 | INFO     | [persistence.snap_manager:take_snapshot:131] | snapshot_trigger_version:0 freeze_finish_version:0
2025-11-27 09:22:24.461 | INFO     | [persistence.snap_manager:take_snapshot:131] | snapshot_trigger_version:0 freeze_finish_version:0
2025-11-27 09:22:54.464 | INFO     | [persistence.snap_manager:take_snapshot:131] | snapshot_trigger_version:0 freeze_finish_version:0
2025-11-27 09:23:24.467 | INFO     | [persistence.snap_manager:take_snapshot:131] | snapshot_trigger_version:0 freeze_finish_version:0
2025-11-27 09:23:54.470 | INFO     | [persistence.snap_manager:take_snapshot:131] | snapshot_trigger_version:0 freeze_finish_version:0
2025-11-27 09:24:24.473 | INFO     | [persistence.snap_manager:take_snapshot:131] | snapshot_trigger_version:0 freeze_finish_version:0
2025-11-27 09:24:54.475 | INFO     | [persistence.snap_manager:take_snapshot:131] | snapshot_trigger_version:0 freeze_finish_version:0
2025-11-27 09:25:24.478 | INFO     | [persistence.snap_manager:take_snapshot:131] | snapshot_trigger_version:0 freeze_finish_version:0
2025-11-27 09:25:54.481 | INFO     | [persistence.snap_manager:take_snapshot:131] | snapshot_trigger_version:0 freeze_finish_version:0
2025-11-27 09:26:24.484 | INFO     | [persistence.snap_manager:take_snapshot:131] | snapshot_trigger_version:0 freeze_finish_version:0
2025-11-27 09:26:54.487 | INFO     | [persistence.snap_manager:take_snapshot:131] | snapshot_trigger_version:0 freeze_finish_version:0
2025-11-27 09:27:24.489 | INFO     | [persistence.snap_manager:take_snapshot:131] | snapshot_trigger_version:0 freeze_finish_version:0
2025-11-27 09:27:54.492 | INFO     | [persistence.snap_manager:take_snapshot:131] | snapshot_trigger_version:0 freeze_finish_version:0
2025-11-27 09:28:24.495 | INFO     | [persistence.snap_manager:take_snapshot:131] | snapshot_trigger_version:0 freeze_finish_version:0
2025-11-27 09:28:54.498 | INFO     | [persistence.snap_manager:take_snapshot:131] | snapshot_trigger_version:0 freeze_finish_version:0
2025-11-27 09:29:24.500 | INFO     | [persistence.snap_manager:take_snapshot:131] | snapshot_trigger_version:0 freeze_finish_version:0
2025-11-27 09:29:54.503 | INFO     | [persistence.snap_manager:take_snapshot:131] | snapshot_trigger_version:0 freeze_finish_version:0
2025-11-27 09:30:24.506 | INFO     | [persistence.snap_manager:take_snapshot:131] | snapshot_trigger_version:0 freeze_finish_version:0
2025-11-27 09:30:54.508 | INFO     | [persistence.snap_manager:take_snapshot:131] | snapshot_trigger_version:0 freeze_finish_version:0
2025-11-27 09:31:24.512 | INFO     | [persistence.snap_manager:take_snapshot:131] | snapshot_trigger_version:0 freeze_finish_version:0
2025-11-27 09:31:54.516 | INFO     | [persistence.snap_manager:take_snapshot:131] | snapshot_trigger_version:0 freeze_finish_version:0
2025-11-27 09:32:24.519 | INFO     | [persistence.snap_manager:take_snapshot:131] | snapshot_trigger_version:0 freeze_finish_version:0
2025-11-27 09:32:54.521 | INFO     | [persistence.snap_manager:take_snapshot:131] | snapshot_trigger_version:0 freeze_finish_version:0
2025-11-27 09:33:24.524 | INFO     | [persistence.snap_manager:take_snapshot:131] | snapshot_trigger_version:0 freeze_finish_version:0
2025-11-27 09:33:54.527 | INFO     | [persistence.snap_manager:take_snapshot:131] | snapshot_trigger_version:0 freeze_finish_version:0
2025-11-27 09:34:24.531 | INFO     | [persistence.snap_manager:take_snapshot:131] | snapshot_trigger_version:0 freeze_finish_version:0
2025-11-27 09:34:54.534 | INFO     | [persistence.snap_manager:take_snapshot:131] | snapshot_trigger_version:0 freeze_finish_version:0
2025-11-27 09:35:24.537 | INFO     | [persistence.snap_manager:take_snapshot:131] | snapshot_trigger_version:0 freeze_finish_version:0
2025-11-27 09:35:54.540 | INFO     | [persistence.snap_manager:take_snapshot:131] | snapshot_trigger_version:0 freeze_finish_version:0
2025-11-27 09:40:40.002 | INFO     | [utils.logger:setup_logger:52] | Logger initialized -> level=INFO, dir=./logs, rotation=200 MB, retention=30 days
2025-11-27 09:40:40.002 | INFO     | [__main__:main:21] | ==== Nexuts Service Starting ====
2025-11-27 09:40:40.003 | INFO     | [nexuts:__init__:19] | Nexuts Config : {'snapshot_dir': '/data/nexuts/snapshot_dir', 'snapshot_interval_seconds': 30, 'WalManager_dir': '/data/nexuts/wal_dir', 'db_path': '/data/info_center.db', 'sentry_heartbeat_cycle': 5, 'resume': 1}
2025-11-27 09:40:40.005 | INFO     | [persistence.snap_manager:load_snapshot:170] | No snapshot found at /data/nexuts/snapshot_dir
2025-11-27 09:40:40.009 | INFO     | [nexuts:_recover_from_db:195] | [Recovery] 恢复了 0 个 sentry 节点
2025-11-27 09:41:10.005 | INFO     | [persistence.snap_manager:take_snapshot:131] | snapshot_trigger_version:0 freeze_finish_version:0
2025-11-27 09:41:19.122 | INFO     | [nexuts:register_instance:137] | [Register] sentry=104369026, instance=test_prefill_wzs, type=prefill 注册成功
2025-11-27 09:41:19.126 | INFO     | [Sentry_manager.Sentry:_ping:47] | [Heartbeat] http://172.16.16.63:9992/v1/health returned non-ok: {'status': 'ok', 'timestamp': 1764236479.1256065}
2025-11-27 11:28:28.160 | INFO     | [utils.logger:setup_logger:52] | Logger initialized -> level=INFO, dir=./logs, rotation=200 MB, retention=30 days
2025-11-27 11:28:28.160 | INFO     | [__main__:main:21] | ==== Nexuts Service Starting ====
2025-11-27 11:28:28.161 | INFO     | [nexuts:__init__:19] | Nexuts Config : {'snapshot_dir': '/data/nexuts/snapshot_dir', 'snapshot_interval_seconds': 30, 'WalManager_dir': '/data/nexuts/wal_dir', 'db_path': '/data/info_center.db', 'sentry_heartbeat_cycle': 5, 'resume': 1}
2025-11-27 11:28:28.162 | INFO     | [persistence.snap_manager:load_snapshot:170] | No snapshot found at /data/nexuts/snapshot_dir
2025-11-27 11:28:28.184 | INFO     | [nexuts:_recover_from_db:195] | [Recovery] 恢复了 0 个 sentry 节点
2025-11-27 11:30:34.475 | INFO     | [utils.logger:setup_logger:52] | Logger initialized -> level=INFO, dir=./logs, rotation=200 MB, retention=30 days
2025-11-27 11:30:34.475 | INFO     | [__main__:main:21] | ==== Nexuts Service Starting ====
2025-11-27 11:30:34.476 | INFO     | [nexuts:__init__:19] | Nexuts Config : {'snapshot_dir': '/data/nexuts/snapshot_dir', 'snapshot_interval_seconds': 30, 'WalManager_dir': '/data/nexuts/wal_dir', 'db_path': '/data/info_center.db', 'sentry_heartbeat_cycle': 5, 'resume': 1}
2025-11-27 11:30:34.477 | INFO     | [persistence.snap_manager:load_snapshot:170] | No snapshot found at /data/nexuts/snapshot_dir
2025-11-27 11:30:34.478 | INFO     | [nexuts:_recover_from_db:195] | [Recovery] 恢复了 0 个 sentry 节点
2025-11-27 11:31:04.478 | INFO     | [persistence.snap_manager:take_snapshot:131] | snapshot_trigger_version:0 freeze_finish_version:0
2025-11-27 11:31:34.481 | INFO     | [persistence.snap_manager:take_snapshot:131] | snapshot_trigger_version:0 freeze_finish_version:0
2025-11-27 11:32:04.484 | INFO     | [persistence.snap_manager:take_snapshot:131] | snapshot_trigger_version:0 freeze_finish_version:0
2025-11-27 11:32:34.487 | INFO     | [persistence.snap_manager:take_snapshot:131] | snapshot_trigger_version:0 freeze_finish_version:0
2025-11-27 11:33:04.490 | INFO     | [persistence.snap_manager:take_snapshot:131] | snapshot_trigger_version:0 freeze_finish_version:0
2025-11-27 11:33:34.493 | INFO     | [persistence.snap_manager:take_snapshot:131] | snapshot_trigger_version:0 freeze_finish_version:0
2025-11-27 11:34:04.496 | INFO     | [persistence.snap_manager:take_snapshot:131] | snapshot_trigger_version:0 freeze_finish_version:0
2025-11-27 11:34:34.499 | INFO     | [persistence.snap_manager:take_snapshot:131] | snapshot_trigger_version:0 freeze_finish_version:0
2025-11-27 11:35:04.502 | INFO     | [persistence.snap_manager:take_snapshot:131] | snapshot_trigger_version:0 freeze_finish_version:0
2025-11-27 11:35:34.505 | INFO     | [persistence.snap_manager:take_snapshot:131] | snapshot_trigger_version:0 freeze_finish_version:0
2025-11-27 11:36:04.507 | INFO     | [persistence.snap_manager:take_snapshot:131] | snapshot_trigger_version:0 freeze_finish_version:0
2025-11-27 11:36:34.511 | INFO     | [persistence.snap_manager:take_snapshot:131] | snapshot_trigger_version:0 freeze_finish_version:0
2025-11-27 11:37:04.514 | INFO     | [persistence.snap_manager:take_snapshot:131] | snapshot_trigger_version:0 freeze_finish_version:0
2025-11-27 11:37:34.517 | INFO     | [persistence.snap_manager:take_snapshot:131] | snapshot_trigger_version:0 freeze_finish_version:0
2025-11-27 11:38:04.520 | INFO     | [persistence.snap_manager:take_snapshot:131] | snapshot_trigger_version:0 freeze_finish_version:0
2025-11-27 11:38:34.522 | INFO     | [persistence.snap_manager:take_snapshot:131] | snapshot_trigger_version:0 freeze_finish_version:0
2025-11-27 11:39:04.525 | INFO     | [persistence.snap_manager:take_snapshot:131] | snapshot_trigger_version:0 freeze_finish_version:0
2025-11-27 11:39:34.529 | INFO     | [persistence.snap_manager:take_snapshot:131] | snapshot_trigger_version:0 freeze_finish_version:0
2025-11-27 11:40:04.532 | INFO     | [persistence.snap_manager:take_snapshot:131] | snapshot_trigger_version:0 freeze_finish_version:0
2025-11-27 11:40:34.535 | INFO     | [persistence.snap_manager:take_snapshot:131] | snapshot_trigger_version:0 freeze_finish_version:0
2025-11-27 11:41:04.537 | INFO     | [persistence.snap_manager:take_snapshot:131] | snapshot_trigger_version:0 freeze_finish_version:0
2025-11-27 11:41:34.540 | INFO     | [persistence.snap_manager:take_snapshot:131] | snapshot_trigger_version:0 freeze_finish_version:0
2025-11-27 11:42:04.543 | INFO     | [persistence.snap_manager:take_snapshot:131] | snapshot_trigger_version:0 freeze_finish_version:0
2025-11-27 11:42:34.546 | INFO     | [persistence.snap_manager:take_snapshot:131] | snapshot_trigger_version:0 freeze_finish_version:0
2025-11-27 11:43:04.549 | INFO     | [persistence.snap_manager:take_snapshot:131] | snapshot_trigger_version:0 freeze_finish_version:0
2025-11-27 11:43:34.552 | INFO     | [persistence.snap_manager:take_snapshot:131] | snapshot_trigger_version:0 freeze_finish_version:0
2025-11-27 11:44:04.554 | INFO     | [persistence.snap_manager:take_snapshot:131] | snapshot_trigger_version:0 freeze_finish_version:0
2025-11-27 11:44:34.558 | INFO     | [persistence.snap_manager:take_snapshot:131] | snapshot_trigger_version:0 freeze_finish_version:0
2025-11-27 11:45:04.561 | INFO     | [persistence.snap_manager:take_snapshot:131] | snapshot_trigger_version:0 freeze_finish_version:0
2025-11-27 11:45:34.565 | INFO     | [persistence.snap_manager:take_snapshot:131] | snapshot_trigger_version:0 freeze_finish_version:0
2025-11-27 11:46:04.568 | INFO     | [persistence.snap_manager:take_snapshot:131] | snapshot_trigger_version:0 freeze_finish_version:0
2025-11-27 11:46:34.571 | INFO     | [persistence.snap_manager:take_snapshot:131] | snapshot_trigger_version:0 freeze_finish_version:0
2025-11-27 11:47:04.574 | INFO     | [persistence.snap_manager:take_snapshot:131] | snapshot_trigger_version:0 freeze_finish_version:0
2025-11-27 11:47:34.577 | INFO     | [persistence.snap_manager:take_snapshot:131] | snapshot_trigger_version:0 freeze_finish_version:0
2025-11-27 11:48:04.580 | INFO     | [persistence.snap_manager:take_snapshot:131] | snapshot_trigger_version:0 freeze_finish_version:0
2025-11-27 11:48:34.583 | INFO     | [persistence.snap_manager:take_snapshot:131] | snapshot_trigger_version:0 freeze_finish_version:0
2025-11-27 11:49:04.586 | INFO     | [persistence.snap_manager:take_snapshot:131] | snapshot_trigger_version:0 freeze_finish_version:0
2025-11-27 11:49:34.589 | INFO     | [persistence.snap_manager:take_snapshot:131] | snapshot_trigger_version:0 freeze_finish_version:0
2025-11-27 11:50:04.593 | INFO     | [persistence.snap_manager:take_snapshot:131] | snapshot_trigger_version:0 freeze_finish_version:0
2025-11-27 11:50:34.596 | INFO     | [persistence.snap_manager:take_snapshot:131] | snapshot_trigger_version:0 freeze_finish_version:0
2025-11-27 11:51:04.599 | INFO     | [persistence.snap_manager:take_snapshot:131] | snapshot_trigger_version:0 freeze_finish_version:0
2025-11-27 11:51:34.602 | INFO     | [persistence.snap_manager:take_snapshot:131] | snapshot_trigger_version:0 freeze_finish_version:0
2025-11-27 11:52:04.605 | INFO     | [persistence.snap_manager:take_snapshot:131] | snapshot_trigger_version:0 freeze_finish_version:0
2025-11-27 11:52:34.608 | INFO     | [persistence.snap_manager:take_snapshot:131] | snapshot_trigger_version:0 freeze_finish_version:0
2025-11-27 11:53:04.612 | INFO     | [persistence.snap_manager:take_snapshot:131] | snapshot_trigger_version:0 freeze_finish_version:0
2025-11-27 11:53:34.615 | INFO     | [persistence.snap_manager:take_snapshot:131] | snapshot_trigger_version:0 freeze_finish_version:0
2025-11-27 11:54:04.618 | INFO     | [persistence.snap_manager:take_snapshot:131] | snapshot_trigger_version:0 freeze_finish_version:0
2025-11-27 11:54:34.621 | INFO     | [persistence.snap_manager:take_snapshot:131] | snapshot_trigger_version:0 freeze_finish_version:0
2025-11-27 11:55:04.624 | INFO     | [persistence.snap_manager:take_snapshot:131] | snapshot_trigger_version:0 freeze_finish_version:0
2025-11-27 11:55:34.627 | INFO     | [persistence.snap_manager:take_snapshot:131] | snapshot_trigger_version:0 freeze_finish_version:0
2025-11-27 11:56:04.630 | INFO     | [persistence.snap_manager:take_snapshot:131] | snapshot_trigger_version:0 freeze_finish_version:0
2025-11-27 11:56:34.633 | INFO     | [persistence.snap_manager:take_snapshot:131] | snapshot_trigger_version:0 freeze_finish_version:0
2025-11-27 11:57:04.636 | INFO     | [persistence.snap_manager:take_snapshot:131] | snapshot_trigger_version:0 freeze_finish_version:0
2025-11-27 11:57:34.639 | INFO     | [persistence.snap_manager:take_snapshot:131] | snapshot_trigger_version:0 freeze_finish_version:0
2025-11-27 11:58:04.642 | INFO     | [persistence.snap_manager:take_snapshot:131] | snapshot_trigger_version:0 freeze_finish_version:0
2025-11-27 11:58:34.645 | INFO     | [persistence.snap_manager:take_snapshot:131] | snapshot_trigger_version:0 freeze_finish_version:0
2025-11-27 11:59:04.648 | INFO     | [persistence.snap_manager:take_snapshot:131] | snapshot_trigger_version:0 freeze_finish_version:0
2025-11-27 11:59:34.652 | INFO     | [persistence.snap_manager:take_snapshot:131] | snapshot_trigger_version:0 freeze_finish_version:0
2025-11-27 12:00:04.655 | INFO     | [persistence.snap_manager:take_snapshot:131] | snapshot_trigger_version:0 freeze_finish_version:0
2025-11-27 12:00:34.658 | INFO     | [persistence.snap_manager:take_snapshot:131] | snapshot_trigger_version:0 freeze_finish_version:0
2025-11-27 12:00:43.965 | INFO     | [nexuts:register_instance:137] | [Register] sentry=104369026, instance=test_prefill_wzs, type=prefill 注册成功
2025-11-27 12:00:43.969 | INFO     | [Sentry_manager.Sentry:_ping:47] | [Heartbeat] http://172.16.16.63:9992/v1/health returned non-ok: {'status': 'ok', 'timestamp': 1764244843.968934}
2025-11-27 12:00:48.976 | INFO     | [Sentry_manager.Sentry:_ping:47] | [Heartbeat] http://172.16.16.63:9992/v1/health returned non-ok: {'status': 'ok', 'timestamp': 1764244848.9759753}
2025-11-27 12:00:53.982 | INFO     | [Sentry_manager.Sentry:_ping:54] | [Heartbeat] http://172.16.16.63:9992/v1/health FAILED ❌: Failed to perform, curl: (7) Failed to connect to 172.16.16.63 port 9992 after 0 ms: Could not connect to server. See https://curl.se/libcurl/c/libcurl-errors.html first for more details.
2025-11-27 12:10:40.860 | INFO     | [utils.logger:setup_logger:52] | Logger initialized -> level=INFO, dir=./logs, rotation=200 MB, retention=30 days
2025-11-27 12:10:40.860 | INFO     | [__main__:main:21] | ==== Nexuts Service Starting ====
2025-11-27 12:10:40.862 | INFO     | [nexuts:__init__:19] | Nexuts Config : {'snapshot_dir': '/data/nexuts/snapshot_dir', 'snapshot_interval_seconds': 30, 'WalManager_dir': '/data/nexuts/wal_dir', 'db_path': '/data/info_center.db', 'sentry_heartbeat_cycle': 5, 'resume': 1}
2025-11-27 12:10:40.863 | INFO     | [persistence.snap_manager:load_snapshot:170] | No snapshot found at /data/nexuts/snapshot_dir
2025-11-27 12:10:40.867 | INFO     | [nexuts:_recover_from_db:195] | [Recovery] 恢复了 0 个 sentry 节点
2025-11-27 12:11:04.576 | INFO     | [nexuts:register_instance:137] | [Register] sentry=104369026, instance=test_prefill_wzs, type=prefill 注册成功
2025-11-27 12:11:04.580 | INFO     | [Sentry_manager.Sentry:_ping:47] | [Heartbeat] http://172.16.16.63:9992/v1/health returned non-ok: {'status': 'ok', 'timestamp': 1764245464.5794814}
2025-11-27 12:11:09.587 | INFO     | [Sentry_manager.Sentry:_ping:47] | [Heartbeat] http://172.16.16.63:9992/v1/health returned non-ok: {'status': 'ok', 'timestamp': 1764245469.586389}
2025-11-27 12:11:10.863 | INFO     | [persistence.snap_manager:take_snapshot:131] | snapshot_trigger_version:0 freeze_finish_version:0
2025-11-27 12:11:14.589 | INFO     | [Sentry_manager.Sentry:_ping:47] | [Heartbeat] http://172.16.16.63:9992/v1/health returned non-ok: {'status': 'ok', 'timestamp': 1764245474.5890324}
2025-11-27 12:11:19.596 | INFO     | [Sentry_manager.Sentry:_ping:47] | [Heartbeat] http://172.16.16.63:9992/v1/health returned non-ok: {'status': 'ok', 'timestamp': 1764245479.5960884}
2025-11-27 12:11:24.603 | INFO     | [Sentry_manager.Sentry:_ping:47] | [Heartbeat] http://172.16.16.63:9992/v1/health returned non-ok: {'status': 'ok', 'timestamp': 1764245484.603158}
2025-11-27 12:11:29.611 | INFO     | [Sentry_manager.Sentry:_ping:47] | [Heartbeat] http://172.16.16.63:9992/v1/health returned non-ok: {'status': 'ok', 'timestamp': 1764245489.6102552}
2025-11-27 12:11:34.618 | INFO     | [Sentry_manager.Sentry:_ping:47] | [Heartbeat] http://172.16.16.63:9992/v1/health returned non-ok: {'status': 'ok', 'timestamp': 1764245494.6173265}
2025-11-27 12:11:39.625 | INFO     | [Sentry_manager.Sentry:_ping:47] | [Heartbeat] http://172.16.16.63:9992/v1/health returned non-ok: {'status': 'ok', 'timestamp': 1764245499.6244056}
2025-11-27 12:11:40.866 | INFO     | [persistence.snap_manager:take_snapshot:131] | snapshot_trigger_version:0 freeze_finish_version:0
2025-11-27 12:11:44.628 | INFO     | [Sentry_manager.Sentry:_ping:47] | [Heartbeat] http://172.16.16.63:9992/v1/health returned non-ok: {'status': 'ok', 'timestamp': 1764245504.627929}
2025-11-27 12:13:46.982 | INFO     | [utils.logger:setup_logger:52] | Logger initialized -> level=INFO, dir=./logs, rotation=200 MB, retention=30 days
2025-11-27 12:13:46.982 | INFO     | [__main__:main:21] | ==== Nexuts Service Starting ====
2025-11-27 12:13:46.983 | INFO     | [nexuts:__init__:19] | Nexuts Config : {'snapshot_dir': '/data/nexuts/snapshot_dir', 'snapshot_interval_seconds': 30, 'WalManager_dir': '/data/nexuts/wal_dir', 'db_path': '/data/info_center.db', 'sentry_heartbeat_cycle': 5, 'resume': 1}
2025-11-27 12:13:46.984 | INFO     | [persistence.snap_manager:load_snapshot:170] | No snapshot found at /data/nexuts/snapshot_dir
2025-11-27 12:13:46.989 | INFO     | [nexuts:_recover_from_db:195] | [Recovery] 恢复了 0 个 sentry 节点
2025-11-27 12:14:11.365 | INFO     | [nexuts:register_instance:137] | [Register] sentry=104369026, instance=test_prefill_wzs, type=prefill 注册成功
2025-11-27 12:14:11.369 | INFO     | [Sentry_manager.Sentry:_ping:47] | [Heartbeat] http://172.16.16.63:9992/v1/health returned non-ok: {'status': 'ok', 'timestamp': 1764245651.3688636}
2025-11-27 12:14:16.375 | INFO     | [Sentry_manager.Sentry:_ping:47] | [Heartbeat] http://172.16.16.63:9992/v1/health returned non-ok: {'status': 'ok', 'timestamp': 1764245656.3742602}
2025-11-27 12:14:16.985 | INFO     | [persistence.snap_manager:take_snapshot:131] | snapshot_trigger_version:0 freeze_finish_version:0
2025-11-27 12:14:21.382 | INFO     | [Sentry_manager.Sentry:_ping:47] | [Heartbeat] http://172.16.16.63:9992/v1/health returned non-ok: {'status': 'ok', 'timestamp': 1764245661.3813946}
2025-11-27 12:14:26.389 | INFO     | [Sentry_manager.Sentry:_ping:47] | [Heartbeat] http://172.16.16.63:9992/v1/health returned non-ok: {'status': 'ok', 'timestamp': 1764245666.3885624}
2025-11-27 12:14:31.396 | INFO     | [Sentry_manager.Sentry:_ping:47] | [Heartbeat] http://172.16.16.63:9992/v1/health returned non-ok: {'status': 'ok', 'timestamp': 1764245671.3958714}
2025-11-27 12:14:36.403 | INFO     | [Sentry_manager.Sentry:_ping:47] | [Heartbeat] http://172.16.16.63:9992/v1/health returned non-ok: {'status': 'ok', 'timestamp': 1764245676.4031773}
2025-11-27 12:14:41.410 | INFO     | [Sentry_manager.Sentry:_ping:47] | [Heartbeat] http://172.16.16.63:9992/v1/health returned non-ok: {'status': 'ok', 'timestamp': 1764245681.4102306}
2025-11-27 12:14:46.418 | INFO     | [Sentry_manager.Sentry:_ping:47] | [Heartbeat] http://172.16.16.63:9992/v1/health returned non-ok: {'status': 'ok', 'timestamp': 1764245686.4173586}
2025-11-27 12:14:46.988 | INFO     | [persistence.snap_manager:take_snapshot:131] | snapshot_trigger_version:0 freeze_finish_version:0
2025-11-27 12:14:51.425 | INFO     | [Sentry_manager.Sentry:_ping:47] | [Heartbeat] http://172.16.16.63:9992/v1/health returned non-ok: {'status': 'ok', 'timestamp': 1764245691.4244642}
2025-11-27 12:14:56.432 | INFO     | [Sentry_manager.Sentry:_ping:47] | [Heartbeat] http://172.16.16.63:9992/v1/health returned non-ok: {'status': 'ok', 'timestamp': 1764245696.431689}
2025-11-27 12:15:01.439 | INFO     | [Sentry_manager.Sentry:_ping:47] | [Heartbeat] http://172.16.16.63:9992/v1/health returned non-ok: {'status': 'ok', 'timestamp': 1764245701.4389317}
2025-11-27 12:15:06.446 | INFO     | [Sentry_manager.Sentry:_ping:47] | [Heartbeat] http://172.16.16.63:9992/v1/health returned non-ok: {'status': 'ok', 'timestamp': 1764245706.4460561}
2025-11-27 12:15:11.453 | INFO     | [Sentry_manager.Sentry:_ping:47] | [Heartbeat] http://172.16.16.63:9992/v1/health returned non-ok: {'status': 'ok', 'timestamp': 1764245711.4532046}
2025-11-27 12:15:16.461 | INFO     | [Sentry_manager.Sentry:_ping:47] | [Heartbeat] http://172.16.16.63:9992/v1/health returned non-ok: {'status': 'ok', 'timestamp': 1764245716.4603019}
2025-11-27 12:15:16.990 | INFO     | [persistence.snap_manager:take_snapshot:131] | snapshot_trigger_version:0 freeze_finish_version:0
2025-11-27 12:15:21.468 | INFO     | [Sentry_manager.Sentry:_ping:47] | [Heartbeat] http://172.16.16.63:9992/v1/health returned non-ok: {'status': 'ok', 'timestamp': 1764245721.4674056}
2025-11-27 12:15:26.475 | INFO     | [Sentry_manager.Sentry:_ping:47] | [Heartbeat] http://172.16.16.63:9992/v1/health returned non-ok: {'status': 'ok', 'timestamp': 1764245726.4744966}
2025-11-27 12:15:31.482 | INFO     | [Sentry_manager.Sentry:_ping:47] | [Heartbeat] http://172.16.16.63:9992/v1/health returned non-ok: {'status': 'ok', 'timestamp': 1764245731.4817092}
2025-11-27 12:15:36.488 | INFO     | [Sentry_manager.Sentry:_ping:54] | [Heartbeat] http://172.16.16.63:9992/v1/health FAILED ❌: Failed to perform, curl: (7) Failed to connect to 172.16.16.63 port 9992 after 0 ms: Could not connect to server. See https://curl.se/libcurl/c/libcurl-errors.html first for more details.
2025-11-27 12:19:14.004 | INFO     | [utils.logger:setup_logger:52] | Logger initialized -> level=INFO, dir=./logs, rotation=200 MB, retention=30 days
2025-11-27 12:19:14.005 | INFO     | [__main__:main:21] | ==== Nexuts Service Starting ====
2025-11-27 12:19:14.006 | INFO     | [nexuts:__init__:19] | Nexuts Config : {'snapshot_dir': '/data/nexuts/snapshot_dir', 'snapshot_interval_seconds': 30, 'WalManager_dir': '/data/nexuts/wal_dir', 'db_path': '/data/info_center.db', 'sentry_heartbeat_cycle': 5, 'resume': 1}
2025-11-27 12:19:14.007 | INFO     | [persistence.snap_manager:load_snapshot:170] | No snapshot found at /data/nexuts/snapshot_dir
2025-11-27 12:19:14.012 | INFO     | [nexuts:_recover_from_db:195] | [Recovery] 恢复了 0 个 sentry 节点
2025-11-27 12:19:44.007 | INFO     | [persistence.snap_manager:take_snapshot:131] | snapshot_trigger_version:0 freeze_finish_version:0
2025-11-27 12:20:14.010 | INFO     | [persistence.snap_manager:take_snapshot:131] | snapshot_trigger_version:0 freeze_finish_version:0
2025-11-27 12:20:18.258 | INFO     | [nexuts:register_instance:137] | [Register] sentry=104369026, instance=test_prefill_wzs, type=prefill 注册成功
2025-11-27 12:20:18.261 | INFO     | [Sentry_manager.Sentry:_ping:47] | [Heartbeat] http://172.16.16.63:9992/v1/health returned non-ok: {'status': 'ok', 'timestamp': 1764246018.260917}
2025-11-27 12:20:23.268 | INFO     | [Sentry_manager.Sentry:_ping:47] | [Heartbeat] http://172.16.16.63:9992/v1/health returned non-ok: {'status': 'ok', 'timestamp': 1764246023.2678552}
2025-11-27 12:20:28.275 | INFO     | [Sentry_manager.Sentry:_ping:47] | [Heartbeat] http://172.16.16.63:9992/v1/health returned non-ok: {'status': 'ok', 'timestamp': 1764246028.2751722}
2025-11-27 12:20:33.278 | INFO     | [Sentry_manager.Sentry:_ping:54] | [Heartbeat] http://172.16.16.63:9992/v1/health FAILED ❌: Failed to perform, curl: (7) Failed to connect to 172.16.16.63 port 9992 after 0 ms: Could not connect to server. See https://curl.se/libcurl/c/libcurl-errors.html first for more details.
2025-11-27 12:25:06.368 | INFO     | [utils.logger:setup_logger:52] | Logger initialized -> level=INFO, dir=./logs, rotation=200 MB, retention=30 days
2025-11-27 12:25:06.368 | INFO     | [__main__:main:21] | ==== Nexuts Service Starting ====
2025-11-27 12:25:06.369 | INFO     | [nexuts:__init__:19] | Nexuts Config : {'snapshot_dir': '/data/nexuts/snapshot_dir', 'snapshot_interval_seconds': 30, 'WalManager_dir': '/data/nexuts/wal_dir', 'db_path': '/data/info_center.db', 'sentry_heartbeat_cycle': 5, 'resume': 1}
2025-11-27 12:25:06.370 | INFO     | [persistence.snap_manager:load_snapshot:170] | No snapshot found at /data/nexuts/snapshot_dir
2025-11-27 12:25:06.375 | INFO     | [nexuts:_recover_from_db:195] | [Recovery] 恢复了 0 个 sentry 节点
2025-11-27 12:25:33.706 | INFO     | [nexuts:register_instance:137] | [Register] sentry=104369026, instance=test_prefill_wzs, type=prefill 注册成功
2025-11-27 12:25:33.709 | INFO     | [Sentry_manager.Sentry:_ping:47] | [Heartbeat] http://172.16.16.63:9992/v1/health returned non-ok: {'status': 'ok', 'timestamp': 1764246333.708716}
2025-11-27 12:25:34.197 | INFO     | [Api.api:update_prefix_tree:52] | update prefix tree input:{'timestamp': '2025-11-27 12:25:34.191', 'sentry_ops_id': 1, 'sentry_instance_id': '104369026', 'updates': [{'instance_id': 'test_prefill_wzs', 'ops_id': 1, 'prompt': [0, 1, 2, 3], 'prompt_value': None}]}
2025-11-27 12:25:34.197 | INFO     | [nexuts:update_prefix_tree:81] | update prefix tree result :{'result': 'failed'}
2025-11-27 12:25:36.371 | INFO     | [persistence.snap_manager:take_snapshot:131] | snapshot_trigger_version:0 freeze_finish_version:0
2025-11-27 12:25:38.716 | INFO     | [Sentry_manager.Sentry:_ping:47] | [Heartbeat] http://172.16.16.63:9992/v1/health returned non-ok: {'status': 'ok', 'timestamp': 1764246338.7155228}
2025-11-27 12:25:43.722 | INFO     | [Sentry_manager.Sentry:_ping:54] | [Heartbeat] http://172.16.16.63:9992/v1/health FAILED ❌: Failed to perform, curl: (7) Failed to connect to 172.16.16.63 port 9992 after 0 ms: Could not connect to server. See https://curl.se/libcurl/c/libcurl-errors.html first for more details.
2025-11-27 12:29:47.159 | INFO     | [utils.logger:setup_logger:52] | Logger initialized -> level=INFO, dir=./logs, rotation=200 MB, retention=30 days
2025-11-27 12:29:47.160 | INFO     | [__main__:main:21] | ==== Nexuts Service Starting ====
2025-11-27 12:29:47.161 | INFO     | [nexuts:__init__:19] | Nexuts Config : {'snapshot_dir': '/data/nexuts/snapshot_dir', 'snapshot_interval_seconds': 30, 'WalManager_dir': '/data/nexuts/wal_dir', 'db_path': '/data/info_center.db', 'sentry_heartbeat_cycle': 5, 'resume': 1}
2025-11-27 12:29:47.162 | INFO     | [persistence.snap_manager:load_snapshot:170] | No snapshot found at /data/nexuts/snapshot_dir
2025-11-27 12:29:47.166 | INFO     | [nexuts:_recover_from_db:201] | [Recovery] 恢复了 0 个 sentry 节点
2025-11-27 12:30:16.329 | INFO     | [nexuts:register_instance:143] | [Register] sentry=104369026, instance=test_prefill_wzs, type=prefill 注册成功
2025-11-27 12:30:16.332 | INFO     | [Sentry_manager.Sentry:_ping:47] | [Heartbeat] http://172.16.16.63:9992/v1/health returned non-ok: {'status': 'ok', 'timestamp': 1764246616.332207}
2025-11-27 12:30:17.162 | INFO     | [persistence.snap_manager:take_snapshot:131] | snapshot_trigger_version:0 freeze_finish_version:0
2025-11-27 12:30:17.285 | INFO     | [Api.api:update_prefix_tree:52] | update prefix tree input:{'timestamp': '2025-11-27 12:30:17.276', 'sentry_ops_id': 1, 'sentry_instance_id': '104369026', 'updates': [{'instance_id': 'test_prefill_wzs', 'ops_id': 1, 'prompt': [0, 1, 2, 3], 'prompt_value': None}]}
2025-11-27 12:30:17.285 | INFO     | [nexuts:update_prefix_tree:82] | update prefix tree result :{'result': 'failed'}
2025-11-27 12:30:21.336 | INFO     | [Sentry_manager.Sentry:_ping:47] | [Heartbeat] http://172.16.16.63:9992/v1/health returned non-ok: {'status': 'ok', 'timestamp': 1764246621.335777}
2025-11-27 12:30:26.339 | INFO     | [Sentry_manager.Sentry:_ping:54] | [Heartbeat] http://172.16.16.63:9992/v1/health FAILED ❌: Failed to perform, curl: (7) Failed to connect to 172.16.16.63 port 9992 after 0 ms: Could not connect to server. See https://curl.se/libcurl/c/libcurl-errors.html first for more details.
2025-11-27 12:32:38.194 | INFO     | [utils.logger:setup_logger:52] | Logger initialized -> level=INFO, dir=./logs, rotation=200 MB, retention=30 days
2025-11-27 12:32:38.194 | INFO     | [__main__:main:21] | ==== Nexuts Service Starting ====
2025-11-27 12:32:38.195 | INFO     | [nexuts:__init__:19] | Nexuts Config : {'snapshot_dir': '/data/nexuts/snapshot_dir', 'snapshot_interval_seconds': 30, 'WalManager_dir': '/data/nexuts/wal_dir', 'db_path': '/data/info_center.db', 'sentry_heartbeat_cycle': 5, 'resume': 1}
2025-11-27 12:32:38.196 | INFO     | [persistence.snap_manager:load_snapshot:170] | No snapshot found at /data/nexuts/snapshot_dir
2025-11-27 12:32:38.201 | INFO     | [nexuts:_recover_from_db:201] | [Recovery] 恢复了 0 个 sentry 节点
2025-11-27 12:33:00.657 | INFO     | [nexuts:register_instance:143] | [Register] sentry=104369026, instance=test_prefill_wzs, type=prefill 注册成功
2025-11-27 12:33:00.660 | INFO     | [Sentry_manager.Sentry:_ping:47] | [Heartbeat] http://172.16.16.63:9992/v1/health returned non-ok: {'status': 'ok', 'timestamp': 1764246780.6601381}
2025-11-27 12:33:05.668 | INFO     | [Sentry_manager.Sentry:_ping:47] | [Heartbeat] http://172.16.16.63:9992/v1/health returned non-ok: {'status': 'ok', 'timestamp': 1764246785.6673446}
2025-11-27 12:33:08.197 | INFO     | [persistence.snap_manager:take_snapshot:131] | snapshot_trigger_version:0 freeze_finish_version:0
2025-11-27 12:33:10.675 | INFO     | [Sentry_manager.Sentry:_ping:47] | [Heartbeat] http://172.16.16.63:9992/v1/health returned non-ok: {'status': 'ok', 'timestamp': 1764246790.6746724}
2025-11-27 12:33:15.682 | INFO     | [Sentry_manager.Sentry:_ping:47] | [Heartbeat] http://172.16.16.63:9992/v1/health returned non-ok: {'status': 'ok', 'timestamp': 1764246795.6818838}
2025-11-27 12:33:55.303 | INFO     | [utils.logger:setup_logger:52] | Logger initialized -> level=INFO, dir=./logs, rotation=200 MB, retention=30 days
2025-11-27 12:33:55.303 | INFO     | [__main__:main:21] | ==== Nexuts Service Starting ====
2025-11-27 12:33:55.304 | INFO     | [nexuts:__init__:19] | Nexuts Config : {'snapshot_dir': '/data/nexuts/snapshot_dir', 'snapshot_interval_seconds': 30, 'WalManager_dir': '/data/nexuts/wal_dir', 'db_path': '/data/info_center.db', 'sentry_heartbeat_cycle': 5, 'resume': 1}
2025-11-27 12:33:55.305 | INFO     | [persistence.snap_manager:load_snapshot:170] | No snapshot found at /data/nexuts/snapshot_dir
2025-11-27 12:33:55.311 | INFO     | [nexuts:_recover_from_db:201] | [Recovery] 恢复了 0 个 sentry 节点
2025-11-27 12:34:25.306 | INFO     | [persistence.snap_manager:take_snapshot:131] | snapshot_trigger_version:0 freeze_finish_version:0
2025-11-27 12:34:37.372 | INFO     | [nexuts:register_instance:143] | [Register] sentry=104369026, instance=test_prefill_wzs, type=prefill 注册成功
2025-11-27 12:34:37.375 | INFO     | [Sentry_manager.Sentry:_ping:47] | [Heartbeat] http://172.16.16.63:9992/v1/health returned non-ok: {'status': 'ok', 'timestamp': 1764246877.375024}
2025-11-27 12:34:37.894 | INFO     | [Api.api:update_prefix_tree:52] | update prefix tree input:{'timestamp': '2025-11-27 12:34:37.881', 'sentry_ops_id': 1, 'sentry_id': '104369026', 'updates': [{'instance_id': 'test_prefill_wzs', 'ops_id': 1, 'prompt': [0, 1, 2, 3], 'prompt_value': None}]}
2025-11-27 12:34:42.379 | INFO     | [Sentry_manager.Sentry:_ping:47] | [Heartbeat] http://172.16.16.63:9992/v1/health returned non-ok: {'status': 'ok', 'timestamp': 1764246882.3786135}
